<?xml version="1.0" encoding="UTF-8"?>
<testsuite xmlns:xsi="http://www.w3.org/2001/XMLSchema-instance" xsi:noNamespaceSchemaLocation="https://maven.apache.org/surefire/maven-surefire-plugin/xsd/surefire-test-report-3.0.xsd" version="3.0" name="com.example.hr.DepartmentTest" time="0.066" tests="5" errors="0" skipped="0" failures="0">
  <properties>
[...]
</properties>
  <testcase name="testToString" classname="com.example.hr.DepartmentTest" time="0.037"/>
  <testcase name="testDepartmentCreation" classname="com.example.hr.DepartmentTest" time="0.002"/>
  <testcase name="testAutoIncrementId" classname="com.example.hr.DepartmentTest" time="0.002"/>
  <testcase name="testEqualsAndHashCode" classname="com.example.hr.DepartmentTest" time="0.001"/>
  <testcase name="testSetters" classname="com.example.hr.DepartmentTest" time="0.001"/>
</testsuite>